<?xml version="1.0" encoding="UTF-8"?>
<!-- Generated by org.testng.reporters.JUnitReportReporter -->
<testsuite hostname="CDC2-L-4230Q2Q" name="dataCollection.RelianceFuelData" tests="1" failures="0" timestamp="3 Jul 2018 06:51:14 GMT" time="39.345" errors="0">
  <testcase name="getData" time="39.345" classname="dataCollection.RelianceFuelData"/>
</testsuite> <!-- dataCollection.RelianceFuelData -->
