<?xml version="1.0" encoding="UTF-8"?>
<!-- Generated by org.testng.reporters.JUnitReportReporter -->
<testsuite hostname="CDC2-L-4230Q2Q" name="dataCollection.FuelData" tests="1" failures="0" timestamp="2 Jul 2018 07:18:07 GMT" time="40.602" errors="0">
  <testcase name="getData" time="40.602" classname="dataCollection.FuelData"/>
</testsuite> <!-- dataCollection.FuelData -->
