<?xml version="1.0" encoding="UTF-8"?>
<!-- Generated by org.testng.reporters.JUnitReportReporter -->
<testsuite hostname="CDC2-L-4230Q2Q" name="dataCollection.ShellFuelData" tests="1" failures="0" timestamp="4 Jul 2018 07:26:57 GMT" time="18.548" errors="0">
  <testcase name="getData" time="18.548" classname="dataCollection.ShellFuelData"/>
</testsuite> <!-- dataCollection.ShellFuelData -->
